<?xml version="1.0" encoding="UTF-8"?>
<testsuite xmlns:xsi="http://www.w3.org/2001/XMLSchema-instance" xsi:noNamespaceSchemaLocation="https://maven.apache.org/surefire/maven-surefire-plugin/xsd/surefire-test-report-3.0.xsd" version="3.0" name="test.POSTSimulacoesTest" time="3.338" tests="19" errors="0" skipped="0" failures="0">
  <properties>
[...]
</properties>
  <testcase name="naoCriarSimulacaoComSeguroComoString" classname="test.POSTSimulacoesTest" time="0.319">
    <system-out><![CDATA[HTTP/1.1 201 
Content-Type: application/json;charset=UTF-8
Transfer-Encoding: chunked
Date: Fri, 11 Aug 2023 18:38:48 GMT

{
    "id": 82,
    "nome": "Alisha Kunze",
    "cpf": "95438182517",
    "email": "blanche.runolfsson@gmail.com",
    "valor": 19995,
    "parcelas": 67,
    "seguro": false
}
HTTP/1.1 200 
Content-Type: application/json;charset=UTF-8
Content-Length: 2
Date: Fri, 11 Aug 2023 18:38:48 GMT

OK
]]></system-out>
  </testcase>
  <testcase name="naoCriarSimulacaoComCPFComoInteger_BUG" classname="test.POSTSimulacoesTest" time="0.115">
    <system-out><![CDATA[HTTP/1.1 201 
Content-Type: application/json;charset=UTF-8
Transfer-Encoding: chunked
Date: Fri, 11 Aug 2023 18:38:48 GMT

{
    "id": 83,
    "nome": "Donnetta Funk",
    "cpf": "16383151579",
    "email": "detra.boyle@gmail.com",
    "valor": 14562,
    "parcelas": 45,
    "seguro": true
}
HTTP/1.1 200 
Content-Type: application/json;charset=UTF-8
Content-Length: 2
Date: Fri, 11 Aug 2023 18:38:48 GMT

OK
]]></system-out>
  </testcase>
  <testcase name="naoCriarSimulacaoComParcelaMaiorQue48_BUG" classname="test.POSTSimulacoesTest" time="0.082">
    <system-out><![CDATA[HTTP/1.1 201 
Content-Type: application/json;charset=UTF-8
Transfer-Encoding: chunked
Date: Fri, 11 Aug 2023 18:38:48 GMT

{
    "id": 84,
    "nome": "Mrs. Gwendolyn Hagenes",
    "cpf": "23602041290",
    "email": "wally.pouros@yahoo.com",
    "valor": 7840,
    "parcelas": 80,
    "seguro": false
}
HTTP/1.1 200 
Content-Type: application/json;charset=UTF-8
Content-Length: 2
Date: Fri, 11 Aug 2023 18:38:48 GMT

OK
]]></system-out>
  </testcase>
  <testcase name="naoCriarSimulacaoComNomeCPFEmBranco_BUG" classname="test.POSTSimulacoesTest" time="0.123">
    <system-out><![CDATA[HTTP/1.1 201 
Content-Type: application/json;charset=UTF-8
Transfer-Encoding: chunked
Date: Fri, 11 Aug 2023 18:38:48 GMT

{
    "id": 85,
    "nome": " ",
    "cpf": " ",
    "email": "flossie.stracke@gmail.com",
    "valor": 24938,
    "parcelas": 47,
    "seguro": true
}
HTTP/1.1 200 
Content-Type: application/json;charset=UTF-8
Content-Length: 2
Date: Fri, 11 Aug 2023 18:38:48 GMT

OK
]]></system-out>
  </testcase>
  <testcase name="naoCriarSimulacaoComCPFInvalido_BUG" classname="test.POSTSimulacoesTest" time="0.119">
    <system-out><![CDATA[HTTP/1.1 201 
Content-Type: application/json;charset=UTF-8
Transfer-Encoding: chunked
Date: Fri, 11 Aug 2023 18:38:48 GMT

{
    "id": 86,
    "nome": "Everett Johns",
    "cpf": "asdad2434sa34123",
    "email": "adriana.rath@yahoo.com",
    "valor": 33212,
    "parcelas": 22,
    "seguro": true
}
HTTP/1.1 200 
Content-Type: application/json;charset=UTF-8
Content-Length: 2
Date: Fri, 11 Aug 2023 18:38:48 GMT

OK
]]></system-out>
  </testcase>
  <testcase name="naoCriarSimulacaoComTodosOsCamposPreenchidosIncorretamente" classname="test.POSTSimulacoesTest" time="0.304">
    <system-out><![CDATA[HTTP/1.1 400 
Content-Type: application/json;charset=UTF-8
Transfer-Encoding: chunked
Date: Fri, 11 Aug 2023 18:38:48 GMT
Connection: close

{
    "erros": {
        "parcelas": "Parcelas deve ser igual ou maior que 2",
        "valor": "Valor deve ser menor ou igual a R$ 40.000",
        "email": "E-mail deve ser um e-mail válido"
    }
}
]]></system-out>
  </testcase>
  <testcase name="criarSimulacao" classname="test.POSTSimulacoesTest" time="0.522">
    <system-out><![CDATA[HTTP/1.1 201 
Content-Type: application/json;charset=UTF-8
Transfer-Encoding: chunked
Date: Fri, 11 Aug 2023 18:38:48 GMT

{
    "id": 88,
    "nome": "Mckinley O'Conner",
    "cpf": "80745800405",
    "email": "louvenia.marquardt@yahoo.com",
    "valor": 17170,
    "parcelas": 10,
    "seguro": true
}
HTTP/1.1 200 
Content-Type: application/json;charset=UTF-8
Content-Length: 2
Date: Fri, 11 Aug 2023 18:38:49 GMT

OK
]]></system-out>
  </testcase>
  <testcase name="naoCriarSimulacaoComParcelaMenorQue2" classname="test.POSTSimulacoesTest" time="0.228">
    <system-out><![CDATA[HTTP/1.1 400 
Content-Type: application/json;charset=UTF-8
Transfer-Encoding: chunked
Date: Fri, 11 Aug 2023 18:38:49 GMT
Connection: close

{
    "erros": {
        "parcelas": "Parcelas deve ser igual ou maior que 2"
    }
}
]]></system-out>
  </testcase>
  <testcase name="naoCriarSimulacaoComALGUNSOsCamposEmBranco" classname="test.POSTSimulacoesTest" time="0.165">
    <system-out><![CDATA[HTTP/1.1 400 
Content-Type: application/json;charset=UTF-8
Transfer-Encoding: chunked
Date: Fri, 11 Aug 2023 18:38:49 GMT
Connection: close

{
    "erros": {
        "email": "E-mail deve ser um e-mail válido"
    }
}
]]></system-out>
  </testcase>
  <testcase name="naoCriarSimulacaoComValorMaiorQue40000" classname="test.POSTSimulacoesTest" time="0.148">
    <system-out><![CDATA[HTTP/1.1 400 
Content-Type: application/json;charset=UTF-8
Transfer-Encoding: chunked
Date: Fri, 11 Aug 2023 18:38:49 GMT
Connection: close

{
    "erros": {
        "valor": "Valor deve ser menor ou igual a R$ 40.000"
    }
}
]]></system-out>
  </testcase>
  <testcase name="naoCriarSimulacaoComNomeCPFVazios_BUG" classname="test.POSTSimulacoesTest" time="0.123">
    <system-out><![CDATA[HTTP/1.1 201 
Content-Type: application/json;charset=UTF-8
Transfer-Encoding: chunked
Date: Fri, 11 Aug 2023 18:38:49 GMT

{
    "id": 92,
    "nome": "",
    "cpf": "",
    "email": "felecia.stamm@yahoo.com",
    "valor": 9285,
    "parcelas": 13,
    "seguro": true
}
HTTP/1.1 200 
Content-Type: application/json;charset=UTF-8
Content-Length: 2
Date: Fri, 11 Aug 2023 18:38:49 GMT

OK
]]></system-out>
  </testcase>
  <testcase name="naoCriarSimulacaoComTODOSCamposVazios" classname="test.POSTSimulacoesTest" time="0.27">
    <system-out><![CDATA[HTTP/1.1 400 
Content-Type: application/json;charset=UTF-8
Transfer-Encoding: chunked
Date: Fri, 11 Aug 2023 18:38:49 GMT
Connection: close

{
    "erros": {
        "email": "E-mail deve ser um e-mail válido"
    }
}
]]></system-out>
  </testcase>
  <testcase name="naoCriarSimulacaoComCaracteresEspeciaisemALGUNSCampos_BUG" classname="test.POSTSimulacoesTest" time="0.06">
    <system-out><![CDATA[HTTP/1.1 201 
Content-Type: application/json;charset=UTF-8
Transfer-Encoding: chunked
Date: Fri, 11 Aug 2023 18:38:49 GMT

{
    "id": 94,
    "nome": "Eduardo Silv✂✂✂✂",
    "cpf": "423423✂✂✂✂✂",
    "email": "qa✂✂✂@gmail.com",
    "valor": 23982,
    "parcelas": 25,
    "seguro": true
}
HTTP/1.1 200 
Content-Type: application/json;charset=UTF-8
Content-Length: 2
Date: Fri, 11 Aug 2023 18:38:50 GMT

OK
]]></system-out>
  </testcase>
  <testcase name="naoCriarSimulacaoComValorNegativo_BUG" classname="test.POSTSimulacoesTest" time="0.096">
    <system-out><![CDATA[HTTP/1.1 201 
Content-Type: application/json;charset=UTF-8
Transfer-Encoding: chunked
Date: Fri, 11 Aug 2023 18:38:50 GMT

{
    "id": 95,
    "nome": "Marinda Doyle",
    "cpf": "67656858273",
    "email": "cleveland.larkin@gmail.com",
    "valor": -92404,
    "parcelas": 15,
    "seguro": false
}
HTTP/1.1 200 
Content-Type: application/json;charset=UTF-8
Content-Length: 2
Date: Fri, 11 Aug 2023 18:38:50 GMT

OK
]]></system-out>
  </testcase>
  <testcase name="naoCriarSimulacaoComTODOSOsCamposEmBranco" classname="test.POSTSimulacoesTest" time="0.128">
    <system-out><![CDATA[HTTP/1.1 400 
Content-Type: application/json;charset=UTF-8
Transfer-Encoding: chunked
Date: Fri, 11 Aug 2023 18:38:50 GMT
Connection: close

{
    "erros": {
        "email": "não é um endereço de e-mail"
    }
}
]]></system-out>
  </testcase>
  <testcase name="naoCriarSimulacaoComValorMenorQue1000_BUG" classname="test.POSTSimulacoesTest" time="0.118">
    <system-out><![CDATA[HTTP/1.1 201 
Content-Type: application/json;charset=UTF-8
Transfer-Encoding: chunked
Date: Fri, 11 Aug 2023 18:38:50 GMT

{
    "id": 97,
    "nome": "Adria Funk",
    "cpf": "62376345709",
    "email": "enedina.feest@hotmail.com",
    "valor": 910,
    "parcelas": 11,
    "seguro": false
}
HTTP/1.1 200 
Content-Type: application/json;charset=UTF-8
Content-Length: 2
Date: Fri, 11 Aug 2023 18:38:50 GMT

OK
]]></system-out>
  </testcase>
  <testcase name="naoCriarSimulacaoComALGUNSCamposVazios" classname="test.POSTSimulacoesTest" time="0.122">
    <system-out><![CDATA[HTTP/1.1 400 
Content-Type: application/json;charset=UTF-8
Transfer-Encoding: chunked
Date: Fri, 11 Aug 2023 18:38:50 GMT
Connection: close

{
    "erros": {
        "email": "E-mail deve ser um e-mail válido"
    }
}
]]></system-out>
  </testcase>
  <testcase name="naoCriarSimulacaoComParcelaNegativa" classname="test.POSTSimulacoesTest" time="0.103">
    <system-out><![CDATA[HTTP/1.1 400 
Content-Type: application/json;charset=UTF-8
Transfer-Encoding: chunked
Date: Fri, 11 Aug 2023 18:38:50 GMT
Connection: close

{
    "erros": {
        "parcelas": "Parcelas deve ser igual ou maior que 2"
    }
}
]]></system-out>
  </testcase>
  <testcase name="naoCriarSimulacaoComEmailSemArroba" classname="test.POSTSimulacoesTest" time="0.106">
    <system-out><![CDATA[HTTP/1.1 400 
Content-Type: application/json;charset=UTF-8
Transfer-Encoding: chunked
Date: Fri, 11 Aug 2023 18:38:50 GMT
Connection: close

{
    "erros": {
        "email": "E-mail deve ser um e-mail válido"
    }
}
]]></system-out>
  </testcase>
</testsuite>