<?xml version="1.0" encoding="UTF-8"?>
<testsuite xmlns:xsi="http://www.w3.org/2001/XMLSchema-instance" xsi:noNamespaceSchemaLocation="https://maven.apache.org/surefire/maven-surefire-plugin/xsd/surefire-test-report-3.0.xsd" version="3.0" name="test.PUTSimulacoesTest" time="3.89" tests="18" errors="0" skipped="0" failures="0">
  <properties>
[...]
</properties>
  <testcase name="naoAlterarAlgunsDadosValidosPorCaracteresEspeciais_BUG" classname="test.PUTSimulacoesTest" time="0.229">
    <system-out><![CDATA[HTTP/1.1 201 
Content-Type: application/json;charset=UTF-8
Transfer-Encoding: chunked
Date: Fri, 11 Aug 2023 18:38:50 GMT

{
    "id": 101,
    "nome": "Mrs. Pamala Veum",
    "cpf": "06883879224",
    "email": "luis.okon@hotmail.com",
    "valor": 10299,
    "parcelas": 18,
    "seguro": true
}
HTTP/1.1 200 
Content-Type: application/json;charset=UTF-8
Transfer-Encoding: chunked
Date: Fri, 11 Aug 2023 18:38:50 GMT

{
    "id": 101,
    "nome": "✇",
    "cpf": "✇",
    "email": "joaoqa✇@gmail.com",
    "valor": 10299.00,
    "parcelas": 46,
    "seguro": true
}
HTTP/1.1 200 
Content-Type: application/json;charset=UTF-8
Content-Length: 2
Date: Fri, 11 Aug 2023 18:38:50 GMT

OK
]]></system-out>
  </testcase>
  <testcase name="naoAlterarEmailPorEmailJaExistente_BUG" classname="test.PUTSimulacoesTest" time="0.398">
    <system-out><![CDATA[HTTP/1.1 201 
Content-Type: application/json;charset=UTF-8
Transfer-Encoding: chunked
Date: Fri, 11 Aug 2023 18:38:51 GMT

{
    "id": 102,
    "nome": "Rosetta Hodkiewicz III",
    "cpf": "23560326101",
    "email": "joaozinho@qa.com",
    "valor": 27811,
    "parcelas": 4,
    "seguro": true
}
HTTP/1.1 201 
Content-Type: application/json;charset=UTF-8
Transfer-Encoding: chunked
Date: Fri, 11 Aug 2023 18:38:51 GMT

{
    "id": 103,
    "nome": "Bruno Gerlach",
    "cpf": "01116281417",
    "email": "garry.lehner@hotmail.com",
    "valor": 3376,
    "parcelas": 40,
    "seguro": true
}
HTTP/1.1 200 
Content-Type: application/json;charset=UTF-8
Transfer-Encoding: chunked
Date: Fri, 11 Aug 2023 18:38:51 GMT

{
    "id": 103,
    "nome": "Mr. May Mills",
    "cpf": "45606142523",
    "email": "joaozinho@qa.com",
    "valor": 3376.00,
    "parcelas": 48,
    "seguro": true
}
HTTP/1.1 200 
Content-Type: application/json;charset=UTF-8
Content-Length: 2
Date: Fri, 11 Aug 2023 18:38:51 GMT

OK
HTTP/1.1 200 
Content-Type: application/json;charset=UTF-8
Content-Length: 2
Date: Fri, 11 Aug 2023 18:38:51 GMT

OK
]]></system-out>
  </testcase>
  <testcase name="naoAlterarALGUNSDadosValidosPorCampoVazio" classname="test.PUTSimulacoesTest" time="0.337">
    <system-out><![CDATA[HTTP/1.1 201 
Content-Type: application/json;charset=UTF-8
Transfer-Encoding: chunked
Date: Fri, 11 Aug 2023 18:38:51 GMT

{
    "id": 104,
    "nome": "Thaddeus Feil",
    "cpf": "12867964811",
    "email": "bobbye.altenwerth@gmail.com",
    "valor": 17081,
    "parcelas": 33,
    "seguro": true
}
HTTP/1.1 400 
Content-Type: application/json;charset=UTF-8
Transfer-Encoding: chunked
Date: Fri, 11 Aug 2023 18:38:51 GMT
Connection: close

{
    "erros": {
        "email": "E-mail deve ser um e-mail válido"
    }
}
HTTP/1.1 200 
Content-Type: application/json;charset=UTF-8
Content-Length: 2
Date: Fri, 11 Aug 2023 18:38:51 GMT

OK
]]></system-out>
  </testcase>
  <testcase name="naoAlterarPARCELAValidaPorOutraMaiorQue48_BUG" classname="test.PUTSimulacoesTest" time="0.345">
    <system-out><![CDATA[HTTP/1.1 201 
Content-Type: application/json;charset=UTF-8
Transfer-Encoding: chunked
Date: Fri, 11 Aug 2023 18:38:51 GMT

{
    "id": 105,
    "nome": "Juan Adams",
    "cpf": "38496286930",
    "email": "beth.pollich@hotmail.com",
    "valor": 39190,
    "parcelas": 15,
    "seguro": true
}
HTTP/1.1 200 
Content-Type: application/json;charset=UTF-8
Transfer-Encoding: chunked
Date: Fri, 11 Aug 2023 18:38:51 GMT

{
    "id": 105,
    "nome": "Lyndon Konopelski MD",
    "cpf": "56763740298",
    "email": "shizuko.mann@hotmail.com",
    "valor": 39190.00,
    "parcelas": 49,
    "seguro": true
}
HTTP/1.1 200 
Content-Type: application/json;charset=UTF-8
Content-Length: 2
Date: Fri, 11 Aug 2023 18:38:51 GMT

OK
]]></system-out>
  </testcase>
  <testcase name="naoAlterarTODOSDadosValidosPorCampoVazio" classname="test.PUTSimulacoesTest" time="0.225">
    <system-out><![CDATA[HTTP/1.1 201 
Content-Type: application/json;charset=UTF-8
Transfer-Encoding: chunked
Date: Fri, 11 Aug 2023 18:38:51 GMT

{
    "id": 106,
    "nome": "Cedric Aufderhar",
    "cpf": "39273451081",
    "email": "chet.satterfield@hotmail.com",
    "valor": 10611,
    "parcelas": 40,
    "seguro": true
}
HTTP/1.1 400 
Content-Type: application/json;charset=UTF-8
Transfer-Encoding: chunked
Date: Fri, 11 Aug 2023 18:38:52 GMT
Connection: close

{
    "erros": {
        "email": "E-mail deve ser um e-mail válido"
    }
}
HTTP/1.1 200 
Content-Type: application/json;charset=UTF-8
Content-Length: 2
Date: Fri, 11 Aug 2023 18:38:52 GMT

OK
]]></system-out>
  </testcase>
  <testcase name="naoAlterarSimulacaoInexistente" classname="test.PUTSimulacoesTest" time="0.095">
    <system-out><![CDATA[HTTP/1.1 404 
Content-Type: application/json;charset=UTF-8
Transfer-Encoding: chunked
Date: Fri, 11 Aug 2023 18:38:52 GMT

{
    "mensagem": "CPF 04912851086 não encontrado"
}
]]></system-out>
  </testcase>
  <testcase name="naoAlterarEmailValidoPorOutroSemArroba" classname="test.PUTSimulacoesTest" time="0.144">
    <system-out><![CDATA[HTTP/1.1 201 
Content-Type: application/json;charset=UTF-8
Transfer-Encoding: chunked
Date: Fri, 11 Aug 2023 18:38:52 GMT

{
    "id": 107,
    "nome": "Israel Ledner",
    "cpf": "80451038438",
    "email": "taylor.daniel@yahoo.com",
    "valor": 7660,
    "parcelas": 43,
    "seguro": true
}
HTTP/1.1 400 
Content-Type: application/json;charset=UTF-8
Transfer-Encoding: chunked
Date: Fri, 11 Aug 2023 18:38:52 GMT
Connection: close

{
    "erros": {
        "email": "E-mail deve ser um e-mail válido"
    }
}
HTTP/1.1 200 
Content-Type: application/json;charset=UTF-8
Content-Length: 2
Date: Fri, 11 Aug 2023 18:38:52 GMT

OK
]]></system-out>
  </testcase>
  <testcase name="naoAlterarCPFValidoPorOutroInvalidoMenorQue11_BUG" classname="test.PUTSimulacoesTest" time="0.121">
    <system-out><![CDATA[HTTP/1.1 201 
Content-Type: application/json;charset=UTF-8
Transfer-Encoding: chunked
Date: Fri, 11 Aug 2023 18:38:52 GMT

{
    "id": 108,
    "nome": "Mr. Lyndon West",
    "cpf": "57593720397",
    "email": "eric.hodkiewicz@hotmail.com",
    "valor": 17029,
    "parcelas": 4,
    "seguro": true
}
HTTP/1.1 200 
Content-Type: application/json;charset=UTF-8
Transfer-Encoding: chunked
Date: Fri, 11 Aug 2023 18:38:52 GMT

{
    "id": 108,
    "nome": "Dominic Armstrong",
    "cpf": "123",
    "email": "shane.von@gmail.com",
    "valor": 17029.00,
    "parcelas": 40,
    "seguro": true
}
HTTP/1.1 200 
Content-Type: application/json;charset=UTF-8
Content-Length: 2
Date: Fri, 11 Aug 2023 18:38:52 GMT

OK
]]></system-out>
  </testcase>
  <testcase name="naoAlterarVALORvalidoPorOutroNegativo_MELHORIA" classname="test.PUTSimulacoesTest" time="0.115">
    <system-out><![CDATA[HTTP/1.1 201 
Content-Type: application/json;charset=UTF-8
Transfer-Encoding: chunked
Date: Fri, 11 Aug 2023 18:38:52 GMT

{
    "id": 109,
    "nome": "Dannie Price",
    "cpf": "20592562713",
    "email": "jamison.lynch@gmail.com",
    "valor": 14436,
    "parcelas": 24,
    "seguro": true
}
HTTP/1.1 200 
Content-Type: application/json;charset=UTF-8
Transfer-Encoding: chunked
Date: Fri, 11 Aug 2023 18:38:52 GMT

{
    "id": 109,
    "nome": "Dexter Fisher",
    "cpf": "81362426457",
    "email": "leia.langosh@hotmail.com",
    "valor": 14436.00,
    "parcelas": 10,
    "seguro": true
}
HTTP/1.1 200 
Content-Type: application/json;charset=UTF-8
Content-Length: 2
Date: Fri, 11 Aug 2023 18:38:52 GMT

OK
]]></system-out>
  </testcase>
  <testcase name="naoAlterarVALORvalidoPorOutroMaiorQue40000_MELHORIA" classname="test.PUTSimulacoesTest" time="0.148">
    <system-out><![CDATA[HTTP/1.1 201 
Content-Type: application/json;charset=UTF-8
Transfer-Encoding: chunked
Date: Fri, 11 Aug 2023 18:38:52 GMT

{
    "id": 110,
    "nome": "Maynard Dietrich I",
    "cpf": "65452353643",
    "email": "raylene.murazik@gmail.com",
    "valor": 38414,
    "parcelas": 39,
    "seguro": true
}
HTTP/1.1 200 
Content-Type: application/json;charset=UTF-8
Transfer-Encoding: chunked
Date: Fri, 11 Aug 2023 18:38:52 GMT

{
    "id": 110,
    "nome": "Marvel Streich DDS",
    "cpf": "18681890269",
    "email": "armandina.thompson@hotmail.com",
    "valor": 38414.00,
    "parcelas": 3,
    "seguro": true
}
HTTP/1.1 200 
Content-Type: application/json;charset=UTF-8
Content-Length: 2
Date: Fri, 11 Aug 2023 18:38:52 GMT

OK
]]></system-out>
  </testcase>
  <testcase name="naoAlterarVALORvalidoPorOutroMenorQue1000_MELHORIA" classname="test.PUTSimulacoesTest" time="0.2">
    <system-out><![CDATA[HTTP/1.1 201 
Content-Type: application/json;charset=UTF-8
Transfer-Encoding: chunked
Date: Fri, 11 Aug 2023 18:38:52 GMT

{
    "id": 111,
    "nome": "Horace VonRueden",
    "cpf": "83086278510",
    "email": "darin.quitzon@hotmail.com",
    "valor": 25129,
    "parcelas": 10,
    "seguro": true
}
HTTP/1.1 200 
Content-Type: application/json;charset=UTF-8
Transfer-Encoding: chunked
Date: Fri, 11 Aug 2023 18:38:52 GMT

{
    "id": 111,
    "nome": "Diego Denesik",
    "cpf": "38929873731",
    "email": "tommie.ebert@gmail.com",
    "valor": 25129.00,
    "parcelas": 33,
    "seguro": true
}
HTTP/1.1 200 
Content-Type: application/json;charset=UTF-8
Content-Length: 2
Date: Fri, 11 Aug 2023 18:38:52 GMT

OK
]]></system-out>
  </testcase>
  <testcase name="naoAlterarPARCELAValidaPorOutraMenorQue2" classname="test.PUTSimulacoesTest" time="0.235">
    <system-out><![CDATA[HTTP/1.1 201 
Content-Type: application/json;charset=UTF-8
Transfer-Encoding: chunked
Date: Fri, 11 Aug 2023 18:38:53 GMT

{
    "id": 112,
    "nome": "Jerrie Waelchi",
    "cpf": "72728551746",
    "email": "elicia.weimann@yahoo.com",
    "valor": 31494,
    "parcelas": 44,
    "seguro": true
}
HTTP/1.1 400 
Content-Type: application/json;charset=UTF-8
Transfer-Encoding: chunked
Date: Fri, 11 Aug 2023 18:38:53 GMT
Connection: close

{
    "erros": {
        "parcelas": "Parcelas deve ser igual ou maior que 2"
    }
}
HTTP/1.1 200 
Content-Type: application/json;charset=UTF-8
Content-Length: 2
Date: Fri, 11 Aug 2023 18:38:53 GMT

OK
]]></system-out>
  </testcase>
  <testcase name="naoAlterarPARCELAValidaPorOutraNegativa" classname="test.PUTSimulacoesTest" time="0.284">
    <system-out><![CDATA[HTTP/1.1 201 
Content-Type: application/json;charset=UTF-8
Transfer-Encoding: chunked
Date: Fri, 11 Aug 2023 18:38:53 GMT

{
    "id": 113,
    "nome": "Irina Ryan",
    "cpf": "18502327582",
    "email": "jospeh.deckow@yahoo.com",
    "valor": 16895,
    "parcelas": 29,
    "seguro": true
}
HTTP/1.1 400 
Content-Type: application/json;charset=UTF-8
Transfer-Encoding: chunked
Date: Fri, 11 Aug 2023 18:38:53 GMT
Connection: close

{
    "erros": {
        "parcelas": "Parcelas deve ser igual ou maior que 2"
    }
}
HTTP/1.1 200 
Content-Type: application/json;charset=UTF-8
Content-Length: 2
Date: Fri, 11 Aug 2023 18:38:53 GMT

OK
]]></system-out>
  </testcase>
  <testcase name="naoAlterarCPFValidoPorOutroInvalidoMaiorQue11_BUG" classname="test.PUTSimulacoesTest" time="0.225">
    <system-out><![CDATA[HTTP/1.1 201 
Content-Type: application/json;charset=UTF-8
Transfer-Encoding: chunked
Date: Fri, 11 Aug 2023 18:38:53 GMT

{
    "id": 114,
    "nome": "Mr. Lorie Bogisich",
    "cpf": "22070050646",
    "email": "jene.west@hotmail.com",
    "valor": 34189,
    "parcelas": 6,
    "seguro": true
}
HTTP/1.1 200 
Content-Type: application/json;charset=UTF-8
Transfer-Encoding: chunked
Date: Fri, 11 Aug 2023 18:38:53 GMT

{
    "id": 114,
    "nome": "Ms. Gisele Schimmel",
    "cpf": "123451235344564563456",
    "email": "teodoro.fisher@hotmail.com",
    "valor": 34189.00,
    "parcelas": 34,
    "seguro": true
}
HTTP/1.1 200 
Content-Type: application/json;charset=UTF-8
Content-Length: 2
Date: Fri, 11 Aug 2023 18:38:53 GMT

OK
]]></system-out>
  </testcase>
  <testcase name="naoAlterarTODOSDadosValidosPorCampoEmBranco" classname="test.PUTSimulacoesTest" time="0.206">
    <system-out><![CDATA[HTTP/1.1 201 
Content-Type: application/json;charset=UTF-8
Transfer-Encoding: chunked
Date: Fri, 11 Aug 2023 18:38:53 GMT

{
    "id": 115,
    "nome": "August Wolf",
    "cpf": "54768364722",
    "email": "carlos.batz@hotmail.com",
    "valor": 39677,
    "parcelas": 26,
    "seguro": true
}
HTTP/1.1 400 
Content-Type: application/json;charset=UTF-8
Transfer-Encoding: chunked
Date: Fri, 11 Aug 2023 18:38:53 GMT
Connection: close

{
    "erros": {
        "email": "não é um endereço de e-mail"
    }
}
HTTP/1.1 200 
Content-Type: application/json;charset=UTF-8
Content-Length: 2
Date: Fri, 11 Aug 2023 18:38:53 GMT

OK
]]></system-out>
  </testcase>
  <testcase name="naoAlterarALGUNSDadosValidosPorCampoEmBranco" classname="test.PUTSimulacoesTest" time="0.228">
    <system-out><![CDATA[HTTP/1.1 201 
Content-Type: application/json;charset=UTF-8
Transfer-Encoding: chunked
Date: Fri, 11 Aug 2023 18:38:53 GMT

{
    "id": 116,
    "nome": "Dr. Claud Johnson",
    "cpf": "62645772301",
    "email": "ingrid.larson@hotmail.com",
    "valor": 11655,
    "parcelas": 47,
    "seguro": true
}
HTTP/1.1 400 
Content-Type: application/json;charset=UTF-8
Transfer-Encoding: chunked
Date: Fri, 11 Aug 2023 18:38:54 GMT
Connection: close

{
    "erros": {
        "email": "E-mail deve ser um e-mail válido"
    }
}
HTTP/1.1 200 
Content-Type: application/json;charset=UTF-8
Content-Length: 2
Date: Fri, 11 Aug 2023 18:38:54 GMT

OK
]]></system-out>
  </testcase>
  <testcase name="alterarSimulacao" classname="test.PUTSimulacoesTest" time="0.151">
    <system-out><![CDATA[HTTP/1.1 201 
Content-Type: application/json;charset=UTF-8
Transfer-Encoding: chunked
Date: Fri, 11 Aug 2023 18:38:54 GMT

{
    "id": 117,
    "nome": "Burt Marks",
    "cpf": "26435552352",
    "email": "bernardina.hickle@hotmail.com",
    "valor": 33379,
    "parcelas": 47,
    "seguro": true
}
HTTP/1.1 200 
Content-Type: application/json;charset=UTF-8
Transfer-Encoding: chunked
Date: Fri, 11 Aug 2023 18:38:54 GMT

{
    "id": 117,
    "nome": "Jesse McKenzie",
    "cpf": "83487367365",
    "email": "quinn.volkman@yahoo.com",
    "valor": 33379.00,
    "parcelas": 39,
    "seguro": true
}
HTTP/1.1 200 
Content-Type: application/json;charset=UTF-8
Content-Length: 2
Date: Fri, 11 Aug 2023 18:38:54 GMT

OK
]]></system-out>
  </testcase>
  <testcase name="naoAlterarNomeECPFValidosPorCampoVazio_BUG" classname="test.PUTSimulacoesTest" time="0.136">
    <system-out><![CDATA[HTTP/1.1 201 
Content-Type: application/json;charset=UTF-8
Transfer-Encoding: chunked
Date: Fri, 11 Aug 2023 18:38:54 GMT

{
    "id": 118,
    "nome": "Shira Bruen",
    "cpf": "02576337810",
    "email": "gaylord.kutch@hotmail.com",
    "valor": 17358,
    "parcelas": 6,
    "seguro": true
}
HTTP/1.1 200 
Content-Type: application/json;charset=UTF-8
Transfer-Encoding: chunked
Date: Fri, 11 Aug 2023 18:38:54 GMT

{
    "id": 118,
    "nome": "",
    "cpf": "",
    "email": "emmett.heathcote@gmail.com",
    "valor": 17358.00,
    "parcelas": 25,
    "seguro": true
}
HTTP/1.1 200 
Content-Type: application/json;charset=UTF-8
Content-Length: 2
Date: Fri, 11 Aug 2023 18:38:54 GMT

OK
]]></system-out>
  </testcase>
</testsuite>