<?xml version="1.0" encoding="UTF-8"?>
<testsuite xmlns:xsi="http://www.w3.org/2001/XMLSchema-instance" xsi:noNamespaceSchemaLocation="https://maven.apache.org/surefire/maven-surefire-plugin/xsd/surefire-test-report-3.0.xsd" version="3.0" name="test.SimulacoesTest" time="5.819" tests="31" errors="0" skipped="0" failures="0">
  <properties>
[...]
</properties>
  <testcase name="naoListarSimulacaoPorCPFComCaracterEspecial" classname="test.SimulacoesTest" time="0.14">
    <system-out><![CDATA[HTTP/1.1 404 
Content-Type: application/json;charset=UTF-8
Transfer-Encoding: chunked
Date: Thu, 10 Aug 2023 20:33:30 GMT

{
    "mensagem": "CPF ☢2349☢3423☢☢☢ não encontrado"
}
]]></system-out>
  </testcase>
  <testcase name="naoCriarSimulacaoComTodosOsCamposEmBranco" classname="test.SimulacoesTest" time="0.684">
    <system-out><![CDATA[HTTP/1.1 400 
Content-Type: application/json;charset=UTF-8
Transfer-Encoding: chunked
Date: Thu, 10 Aug 2023 20:33:31 GMT
Connection: close

{
    "erros": {
        "parcelas": "Parcelas não pode ser vazio",
        "valor": "Valor não pode ser vazio",
        "email": "não é um endereço de e-mail"
    }
}
]]></system-out>
  </testcase>
  <testcase name="naoCriarSimulacaoComParcelaMaiorQue48_BUG" classname="test.SimulacoesTest" time="0.356">
    <system-out><![CDATA[HTTP/1.1 201 
Content-Type: application/json;charset=UTF-8
Transfer-Encoding: chunked
Date: Thu, 10 Aug 2023 20:33:31 GMT

{
    "id": 150,
    "nome": "Randee O'Kon IV",
    "cpf": "28264591234",
    "email": "alfonzo.lakin@yahoo.com",
    "valor": 16688,
    "parcelas": 63,
    "seguro": false
}
HTTP/1.1 200 
Content-Type: application/json;charset=UTF-8
Content-Length: 2
Date: Thu, 10 Aug 2023 20:33:31 GMT

OK
]]></system-out>
  </testcase>
  <testcase name="naoAlterarEmailPorEmailJaExistente_BUG" classname="test.SimulacoesTest" time="0.346">
    <system-out><![CDATA[HTTP/1.1 201 
Content-Type: application/json;charset=UTF-8
Transfer-Encoding: chunked
Date: Thu, 10 Aug 2023 20:33:31 GMT

{
    "id": 151,
    "nome": "Rudolf VonRueden",
    "cpf": "73076740139",
    "email": "joaozinho@qa.com",
    "valor": 19750,
    "parcelas": 41,
    "seguro": true
}
HTTP/1.1 201 
Content-Type: application/json;charset=UTF-8
Transfer-Encoding: chunked
Date: Thu, 10 Aug 2023 20:33:31 GMT

{
    "id": 152,
    "nome": "Ms. Shasta Cronin",
    "cpf": "86804704697",
    "email": "collin.grady@yahoo.com",
    "valor": 18598,
    "parcelas": 19,
    "seguro": true
}
HTTP/1.1 200 
Content-Type: application/json;charset=UTF-8
Transfer-Encoding: chunked
Date: Thu, 10 Aug 2023 20:33:31 GMT

{
    "id": 152,
    "nome": "Mr. Cari Schamberger",
    "cpf": "69614738364",
    "email": "joaozinho@qa.com",
    "valor": 18598.00,
    "parcelas": 16,
    "seguro": true
}
HTTP/1.1 200 
Content-Type: application/json;charset=UTF-8
Content-Length: 2
Date: Thu, 10 Aug 2023 20:33:31 GMT

OK
HTTP/1.1 200 
Content-Type: application/json;charset=UTF-8
Content-Length: 2
Date: Thu, 10 Aug 2023 20:33:31 GMT

OK
]]></system-out>
  </testcase>
  <testcase name="naoCriarSimulacaoComTodosCamposVazios" classname="test.SimulacoesTest" time="0.135">
    <system-out><![CDATA[HTTP/1.1 400 
Content-Type: application/json;charset=UTF-8
Transfer-Encoding: chunked
Date: Thu, 10 Aug 2023 20:33:31 GMT
Connection: close

{
    "erros": {
        "email": "E-mail deve ser um e-mail válido"
    }
}
]]></system-out>
  </testcase>
  <testcase name="naoAlterarTodosDadosValidosPorCampoVazio" classname="test.SimulacoesTest" time="0.336">
    <system-out><![CDATA[HTTP/1.1 201 
Content-Type: application/json;charset=UTF-8
Transfer-Encoding: chunked
Date: Thu, 10 Aug 2023 20:33:32 GMT

{
    "id": 154,
    "nome": "Rochel Cormier V",
    "cpf": "60775506707",
    "email": "ute.oreilly@gmail.com",
    "valor": 38238,
    "parcelas": 3,
    "seguro": true
}
HTTP/1.1 400 
Content-Type: application/json;charset=UTF-8
Transfer-Encoding: chunked
Date: Thu, 10 Aug 2023 20:33:32 GMT
Connection: close

{
    "erros": {
        "email": "E-mail deve ser um e-mail válido"
    }
}
HTTP/1.1 200 
Content-Type: application/json;charset=UTF-8
Content-Length: 2
Date: Thu, 10 Aug 2023 20:33:32 GMT

OK
]]></system-out>
  </testcase>
  <testcase name="naoCriarSimulacaoComCaracteresInvalidosEmAlgunsCampos_BUG" classname="test.SimulacoesTest" time="0.074">
    <system-out><![CDATA[HTTP/1.1 201 
Content-Type: application/json;charset=UTF-8
Transfer-Encoding: chunked
Date: Thu, 10 Aug 2023 20:33:32 GMT

{
    "id": 155,
    "nome": "Eduardo Silv✂✂✂✂",
    "cpf": "423423✂✂✂✂✂",
    "email": "qa✂✂✂@gmail.com",
    "valor": 8222,
    "parcelas": 41,
    "seguro": true
}
HTTP/1.1 200 
Content-Type: application/json;charset=UTF-8
Content-Length: 2
Date: Thu, 10 Aug 2023 20:33:32 GMT

OK
]]></system-out>
  </testcase>
  <testcase name="naoAlterarAlgunsDadosValidosPorCaracteresInvalidos_BUG" classname="test.SimulacoesTest" time="0.178">
    <system-out><![CDATA[HTTP/1.1 201 
Content-Type: application/json;charset=UTF-8
Transfer-Encoding: chunked
Date: Thu, 10 Aug 2023 20:33:32 GMT

{
    "id": 156,
    "nome": "Ferdinand Yundt",
    "cpf": "09998361591",
    "email": "gregory.moen@yahoo.com",
    "valor": 8093,
    "parcelas": 18,
    "seguro": true
}
HTTP/1.1 200 
Content-Type: application/json;charset=UTF-8
Transfer-Encoding: chunked
Date: Thu, 10 Aug 2023 20:33:32 GMT

{
    "id": 156,
    "nome": "✇",
    "cpf": "✇",
    "email": "joaoqa✇@gmail.com",
    "valor": 8093.00,
    "parcelas": 23,
    "seguro": true
}
HTTP/1.1 200 
Content-Type: application/json;charset=UTF-8
Content-Length: 2
Date: Thu, 10 Aug 2023 20:33:32 GMT

OK
]]></system-out>
  </testcase>
  <testcase name="naoListarSimulacaoPorCPFMaiorQueOPadrao" classname="test.SimulacoesTest" time="0.084">
    <system-out><![CDATA[HTTP/1.1 404 
Content-Type: application/json;charset=UTF-8
Transfer-Encoding: chunked
Date: Thu, 10 Aug 2023 20:33:32 GMT

{
    "mensagem": "CPF 123451235344564563456 não encontrado"
}
]]></system-out>
  </testcase>
  <testcase name="naoCriarSimulacaoComNomeCPFEmBranco_BUG" classname="test.SimulacoesTest" time="0.088">
    <system-out><![CDATA[HTTP/1.1 201 
Content-Type: application/json;charset=UTF-8
Transfer-Encoding: chunked
Date: Thu, 10 Aug 2023 20:33:32 GMT

{
    "id": 157,
    "nome": " ",
    "cpf": " ",
    "email": "carina.larson@gmail.com",
    "valor": 31757,
    "parcelas": 17,
    "seguro": true
}
HTTP/1.1 200 
Content-Type: application/json;charset=UTF-8
Content-Length: 2
Date: Thu, 10 Aug 2023 20:33:32 GMT

OK
]]></system-out>
  </testcase>
  <testcase name="naoCriarSimulacaoComCPFInvalido_BUG" classname="test.SimulacoesTest" time="0.07">
    <system-out><![CDATA[HTTP/1.1 201 
Content-Type: application/json;charset=UTF-8
Transfer-Encoding: chunked
Date: Thu, 10 Aug 2023 20:33:32 GMT

{
    "id": 158,
    "nome": "Joel Jones",
    "cpf": "asdad2434sa34123",
    "email": "petra.ankunding@hotmail.com",
    "valor": 14607,
    "parcelas": 16,
    "seguro": true
}
HTTP/1.1 200 
Content-Type: application/json;charset=UTF-8
Content-Length: 2
Date: Thu, 10 Aug 2023 20:33:32 GMT

OK
]]></system-out>
  </testcase>
  <testcase name="naoCriarSimulacaoComTodosOsCamposPreenchidosIncorretamente" classname="test.SimulacoesTest" time="0.225">
    <system-out><![CDATA[HTTP/1.1 400 
Content-Type: application/json;charset=UTF-8
Transfer-Encoding: chunked
Date: Thu, 10 Aug 2023 20:33:32 GMT
Connection: close

{
    "erros": {
        "parcelas": "Parcelas deve ser igual ou maior que 2",
        "valor": "Valor deve ser menor ou igual a R$ 40.000",
        "email": "E-mail deve ser um e-mail válido"
    }
}
]]></system-out>
  </testcase>
  <testcase name="criarSimulacao" classname="test.SimulacoesTest" time="0.327">
    <system-out><![CDATA[HTTP/1.1 201 
Content-Type: application/json;charset=UTF-8
Transfer-Encoding: chunked
Date: Thu, 10 Aug 2023 20:33:33 GMT

{
    "id": 160,
    "nome": "Guillermo Effertz",
    "cpf": "50046398394",
    "email": "jean.carroll@gmail.com",
    "valor": 13492,
    "parcelas": 32,
    "seguro": true
}
HTTP/1.1 200 
Content-Type: application/json;charset=UTF-8
Content-Length: 2
Date: Thu, 10 Aug 2023 20:33:33 GMT

OK
]]></system-out>
  </testcase>
  <testcase name="naoCriarSimulacaoComParcelaMenorQue2" classname="test.SimulacoesTest" time="0.098">
    <system-out><![CDATA[HTTP/1.1 400 
Content-Type: application/json;charset=UTF-8
Transfer-Encoding: chunked
Date: Thu, 10 Aug 2023 20:33:33 GMT
Connection: close

{
    "erros": {
        "parcelas": "Parcelas deve ser igual ou maior que 2"
    }
}
]]></system-out>
  </testcase>
  <testcase name="listarSimulacoes" classname="test.SimulacoesTest" time="0.437">
    <system-out><![CDATA[HTTP/1.1 200 
Content-Type: application/json;charset=UTF-8
Transfer-Encoding: chunked
Date: Thu, 10 Aug 2023 20:33:33 GMT

[
    {
        "id": 11,
        "nome": "Fulano",
        "cpf": "66414919004",
        "email": "fulano@gmail.com",
        "valor": 11000.00,
        "parcelas": 3,
        "seguro": true
    },
    {
        "id": 12,
        "nome": "Deltrano",
        "cpf": "17822386034",
        "email": "deltrano@gmail.com",
        "valor": 20000.00,
        "parcelas": 5,
        "seguro": false
    }
]
]]></system-out>
  </testcase>
  <testcase name="naoListarSimulacaoPorCPFMenorQueOPadrao" classname="test.SimulacoesTest" time="0.079">
    <system-out><![CDATA[HTTP/1.1 404 
Content-Type: application/json;charset=UTF-8
Transfer-Encoding: chunked
Date: Thu, 10 Aug 2023 20:33:33 GMT

{
    "mensagem": "CPF 123 não encontrado"
}
]]></system-out>
  </testcase>
  <testcase name="naoCriarSimulacaoComValorMaiorQue40000" classname="test.SimulacoesTest" time="0.113">
    <system-out><![CDATA[HTTP/1.1 400 
Content-Type: application/json;charset=UTF-8
Transfer-Encoding: chunked
Date: Thu, 10 Aug 2023 20:33:33 GMT
Connection: close

{
    "erros": {
        "valor": "Valor deve ser menor ou igual a R$ 40.000"
    }
}
]]></system-out>
  </testcase>
  <testcase name="naoCriarSimulacaoComNomeCPFVazios_BUG" classname="test.SimulacoesTest" time="0.074">
    <system-out><![CDATA[HTTP/1.1 201 
Content-Type: application/json;charset=UTF-8
Transfer-Encoding: chunked
Date: Thu, 10 Aug 2023 20:33:34 GMT

{
    "id": 163,
    "nome": " ",
    "cpf": " ",
    "email": "tori.barrows@yahoo.com",
    "valor": 36526,
    "parcelas": 48,
    "seguro": true
}
HTTP/1.1 200 
Content-Type: application/json;charset=UTF-8
Content-Length: 2
Date: Thu, 10 Aug 2023 20:33:34 GMT

OK
]]></system-out>
  </testcase>
  <testcase name="naoAlterarSimulacaoInexistente" classname="test.SimulacoesTest" time="0.159">
    <system-out><![CDATA[HTTP/1.1 404 
Content-Type: application/json;charset=UTF-8
Transfer-Encoding: chunked
Date: Thu, 10 Aug 2023 20:33:34 GMT

{
    "mensagem": "CPF 04912851086 não encontrado"
}
]]></system-out>
  </testcase>
  <testcase name="naoAlterarEmailValidoPorOutroSemArroba" classname="test.SimulacoesTest" time="0.143">
    <system-out><![CDATA[HTTP/1.1 201 
Content-Type: application/json;charset=UTF-8
Transfer-Encoding: chunked
Date: Thu, 10 Aug 2023 20:33:34 GMT

{
    "id": 164,
    "nome": "Ms. Jessie Zieme",
    "cpf": "01067744583",
    "email": "marlin.daugherty@gmail.com",
    "valor": 25653,
    "parcelas": 45,
    "seguro": true
}
HTTP/1.1 400 
Content-Type: application/json;charset=UTF-8
Transfer-Encoding: chunked
Date: Thu, 10 Aug 2023 20:33:34 GMT
Connection: close

{
    "erros": {
        "email": "não é um endereço de e-mail"
    }
}
]]></system-out>
  </testcase>
  <testcase name="listarSimulacaoPorCPF" classname="test.SimulacoesTest" time="0.56">
    <system-out><![CDATA[HTTP/1.1 201 
Content-Type: application/json;charset=UTF-8
Transfer-Encoding: chunked
Date: Thu, 10 Aug 2023 20:33:34 GMT

{
    "id": 165,
    "nome": "Melodee MacGyver",
    "cpf": "61338458543",
    "email": "terry.kertzmann@hotmail.com",
    "valor": 23462,
    "parcelas": 7,
    "seguro": true
}
HTTP/1.1 200 
Content-Type: application/json;charset=UTF-8
Transfer-Encoding: chunked
Date: Thu, 10 Aug 2023 20:33:34 GMT

{
    "id": 165,
    "nome": "Melodee MacGyver",
    "cpf": "61338458543",
    "email": "terry.kertzmann@hotmail.com",
    "valor": 23462.00,
    "parcelas": 7,
    "seguro": true
}
HTTP/1.1 200 
Content-Type: application/json;charset=UTF-8
Content-Length: 2
Date: Thu, 10 Aug 2023 20:33:34 GMT

OK
]]></system-out>
  </testcase>
  <testcase name="naoAlterarTodosDadosValidosPorCampoEmBranco" classname="test.SimulacoesTest" time="0.197">
    <system-out><![CDATA[HTTP/1.1 201 
Content-Type: application/json;charset=UTF-8
Transfer-Encoding: chunked
Date: Thu, 10 Aug 2023 20:33:34 GMT

{
    "id": 166,
    "nome": "Marilu Runolfsson DDS",
    "cpf": "36231014079",
    "email": "jon.feest@yahoo.com",
    "valor": 31748,
    "parcelas": 15,
    "seguro": true
}
HTTP/1.1 400 
Content-Type: application/json;charset=UTF-8
Transfer-Encoding: chunked
Date: Thu, 10 Aug 2023 20:33:35 GMT
Connection: close

{
    "erros": {
        "email": "não é um endereço de e-mail"
    }
}
HTTP/1.1 200 
Content-Type: application/json;charset=UTF-8
Content-Length: 2
Date: Thu, 10 Aug 2023 20:33:35 GMT

OK
]]></system-out>
  </testcase>
  <testcase name="naoCriarSimulacaoComValorMenorQue1000_BUG" classname="test.SimulacoesTest" time="0.053">
    <system-out><![CDATA[HTTP/1.1 201 
Content-Type: application/json;charset=UTF-8
Transfer-Encoding: chunked
Date: Thu, 10 Aug 2023 20:33:35 GMT

{
    "id": 167,
    "nome": "Lon Gutmann MD",
    "cpf": "92553318439",
    "email": "chance.kuvalis@yahoo.com",
    "valor": 759,
    "parcelas": 17,
    "seguro": false
}
HTTP/1.1 200 
Content-Type: application/json;charset=UTF-8
Content-Length: 2
Date: Thu, 10 Aug 2023 20:33:35 GMT

OK
]]></system-out>
  </testcase>
  <testcase name="naoListarSimulacaoPorCPF" classname="test.SimulacoesTest" time="0.079">
    <system-out><![CDATA[HTTP/1.1 404 
Content-Type: application/json;charset=UTF-8
Transfer-Encoding: chunked
Date: Thu, 10 Aug 2023 20:33:35 GMT

{
    "mensagem": "CPF 04912851086 não encontrado"
}
]]></system-out>
  </testcase>
  <testcase name="naoAlterarNomeECPFValidosPorCampoEmBranco_BUG" classname="test.SimulacoesTest" time="0.095">
    <system-out><![CDATA[HTTP/1.1 201 
Content-Type: application/json;charset=UTF-8
Transfer-Encoding: chunked
Date: Thu, 10 Aug 2023 20:33:35 GMT

{
    "id": 168,
    "nome": "Mr. Jeffery Doyle",
    "cpf": "59153824740",
    "email": "dreama.weimann@hotmail.com",
    "valor": 15030,
    "parcelas": 18,
    "seguro": true
}
HTTP/1.1 200 
Content-Type: application/json;charset=UTF-8
Transfer-Encoding: chunked
Date: Thu, 10 Aug 2023 20:33:35 GMT

{
    "id": 168,
    "nome": " ",
    "cpf": " ",
    "email": "rowena.hoeger@hotmail.com",
    "valor": 15030.00,
    "parcelas": 10,
    "seguro": true
}
HTTP/1.1 200 
Content-Type: application/json;charset=UTF-8
Content-Length: 2
Date: Thu, 10 Aug 2023 20:33:35 GMT

OK
]]></system-out>
  </testcase>
  <testcase name="excluirSimulacaoNaoExistente" classname="test.SimulacoesTest" time="0.027">
    <system-out><![CDATA[HTTP/1.1 200 
Content-Type: application/json;charset=UTF-8
Content-Length: 2
Date: Thu, 10 Aug 2023 20:33:35 GMT

OK
]]></system-out>
  </testcase>
  <testcase name="alterarSimulacao" classname="test.SimulacoesTest" time="0.121">
    <system-out><![CDATA[HTTP/1.1 201 
Content-Type: application/json;charset=UTF-8
Transfer-Encoding: chunked
Date: Thu, 10 Aug 2023 20:33:35 GMT

{
    "id": 169,
    "nome": "Alonso Hilll",
    "cpf": "04141630488",
    "email": "neoma.wiza@gmail.com",
    "valor": 8253,
    "parcelas": 2,
    "seguro": true
}
HTTP/1.1 200 
Content-Type: application/json;charset=UTF-8
Transfer-Encoding: chunked
Date: Thu, 10 Aug 2023 20:33:35 GMT

{
    "id": 169,
    "nome": "Aubrey Waelchi",
    "cpf": "21674126002",
    "email": "maxima.spencer@yahoo.com",
    "valor": 8253.00,
    "parcelas": 16,
    "seguro": true
}
HTTP/1.1 200 
Content-Type: application/json;charset=UTF-8
Content-Length: 2
Date: Thu, 10 Aug 2023 20:33:35 GMT

OK
]]></system-out>
  </testcase>
  <testcase name="excluirSimulacao" classname="test.SimulacoesTest" time="0.082">
    <system-out><![CDATA[HTTP/1.1 201 
Content-Type: application/json;charset=UTF-8
Transfer-Encoding: chunked
Date: Thu, 10 Aug 2023 20:33:35 GMT

{
    "id": 170,
    "nome": "Lizzette Spencer",
    "cpf": "93834681928",
    "email": "ed.predovic@gmail.com",
    "valor": 22840,
    "parcelas": 9,
    "seguro": true
}
HTTP/1.1 200 
Content-Type: application/json;charset=UTF-8
Content-Length: 2
Date: Thu, 10 Aug 2023 20:33:35 GMT

OK
]]></system-out>
  </testcase>
  <testcase name="naoCriarSimulacaoComEmailSemArroba" classname="test.SimulacoesTest" time="0.09">
    <system-out><![CDATA[HTTP/1.1 400 
Content-Type: application/json;charset=UTF-8
Transfer-Encoding: chunked
Date: Thu, 10 Aug 2023 20:33:35 GMT
Connection: close

{
    "erros": {
        "email": "não é um endereço de e-mail"
    }
}
]]></system-out>
  </testcase>
  <testcase name="excluirSimulacaoJaExcluida" classname="test.SimulacoesTest" time="0.086">
    <system-out><![CDATA[HTTP/1.1 201 
Content-Type: application/json;charset=UTF-8
Transfer-Encoding: chunked
Date: Thu, 10 Aug 2023 20:33:35 GMT

{
    "id": 172,
    "nome": "Francis Pfannerstill",
    "cpf": "74325198783",
    "email": "sage.ondricka@gmail.com",
    "valor": 37060,
    "parcelas": 9,
    "seguro": true
}
HTTP/1.1 200 
Content-Type: application/json;charset=UTF-8
Content-Length: 2
Date: Thu, 10 Aug 2023 20:33:35 GMT

OK
HTTP/1.1 200 
Content-Type: application/json;charset=UTF-8
Content-Length: 2
Date: Thu, 10 Aug 2023 20:33:35 GMT

OK
]]></system-out>
  </testcase>
  <testcase name="naoAlterarNomeECPFValidosPorCampoVazio_BUG" classname="test.SimulacoesTest" time="0.078">
    <system-out><![CDATA[HTTP/1.1 201 
Content-Type: application/json;charset=UTF-8
Transfer-Encoding: chunked
Date: Thu, 10 Aug 2023 20:33:35 GMT

{
    "id": 173,
    "nome": "Gerry Runolfsdottir V",
    "cpf": "84423321016",
    "email": "laurel.moen@hotmail.com",
    "valor": 4151,
    "parcelas": 12,
    "seguro": true
}
HTTP/1.1 200 
Content-Type: application/json;charset=UTF-8
Transfer-Encoding: chunked
Date: Thu, 10 Aug 2023 20:33:35 GMT

{
    "id": 173,
    "nome": "",
    "cpf": "",
    "email": "lizabeth.abshire@yahoo.com",
    "valor": 4151.00,
    "parcelas": 45,
    "seguro": true
}
HTTP/1.1 200 
Content-Type: application/json;charset=UTF-8
Content-Length: 2
Date: Thu, 10 Aug 2023 20:33:35 GMT

OK
]]></system-out>
  </testcase>
</testsuite>