<?xml version="1.0" encoding="UTF-8"?>
<testsuite xmlns:xsi="http://www.w3.org/2001/XMLSchema-instance" xsi:noNamespaceSchemaLocation="https://maven.apache.org/surefire/maven-surefire-plugin/xsd/surefire-test-report-3.0.xsd" version="3.0" name="test.GETSimulacoesTest" time="2.31" tests="6" errors="0" skipped="0" failures="0">
  <properties>
[...]
</properties>
  <testcase name="naoListarSimulacaoPorCPFComCaracterEspecial" classname="test.GETSimulacoesTest" time="0.209">
    <system-out><![CDATA[HTTP/1.1 404 
Content-Type: application/json;charset=UTF-8
Transfer-Encoding: chunked
Date: Fri, 11 Aug 2023 18:38:45 GMT

{
    "mensagem": "CPF ☢2349☢3423☢☢☢ não encontrado"
}
]]></system-out>
  </testcase>
  <testcase name="naoListarSimulacaoPorCPFMaiorQueOPadrao" classname="test.GETSimulacoesTest" time="0.133">
    <system-out><![CDATA[HTTP/1.1 404 
Content-Type: application/json;charset=UTF-8
Transfer-Encoding: chunked
Date: Fri, 11 Aug 2023 18:38:45 GMT

{
    "mensagem": "CPF 123451235344564563456 não encontrado"
}
]]></system-out>
  </testcase>
  <testcase name="listarSimulacoes" classname="test.GETSimulacoesTest" time="0.672">
    <system-out><![CDATA[HTTP/1.1 200 
Content-Type: application/json;charset=UTF-8
Transfer-Encoding: chunked
Date: Fri, 11 Aug 2023 18:38:45 GMT

[
    {
        "id": 11,
        "nome": "Fulano",
        "cpf": "66414919004",
        "email": "fulano@gmail.com",
        "valor": 11000.00,
        "parcelas": 3,
        "seguro": true
    },
    {
        "id": 12,
        "nome": "Deltrano",
        "cpf": "17822386034",
        "email": "deltrano@gmail.com",
        "valor": 20000.00,
        "parcelas": 5,
        "seguro": false
    }
]
]]></system-out>
  </testcase>
  <testcase name="naoListarSimulacaoPorCPFMenorQueOPadrao" classname="test.GETSimulacoesTest" time="0.119">
    <system-out><![CDATA[HTTP/1.1 404 
Content-Type: application/json;charset=UTF-8
Transfer-Encoding: chunked
Date: Fri, 11 Aug 2023 18:38:46 GMT

{
    "mensagem": "CPF 123 não encontrado"
}
]]></system-out>
  </testcase>
  <testcase name="listarSimulacaoPorCPF" classname="test.GETSimulacoesTest" time="0.854">
    <system-out><![CDATA[HTTP/1.1 201 
Content-Type: application/json;charset=UTF-8
Transfer-Encoding: chunked
Date: Fri, 11 Aug 2023 18:38:46 GMT

{
    "id": 81,
    "nome": "Aiko O'Hara",
    "cpf": "47881845775",
    "email": "hoyt.wolff@gmail.com",
    "valor": 5114,
    "parcelas": 23,
    "seguro": true
}
HTTP/1.1 200 
Content-Type: application/json;charset=UTF-8
Transfer-Encoding: chunked
Date: Fri, 11 Aug 2023 18:38:46 GMT

{
    "id": 81,
    "nome": "Aiko O'Hara",
    "cpf": "47881845775",
    "email": "hoyt.wolff@gmail.com",
    "valor": 5114.00,
    "parcelas": 23,
    "seguro": true
}
HTTP/1.1 200 
Content-Type: application/json;charset=UTF-8
Content-Length: 2
Date: Fri, 11 Aug 2023 18:38:46 GMT

OK
]]></system-out>
  </testcase>
  <testcase name="naoListarSimulacaoPorCPF" classname="test.GETSimulacoesTest" time="0.269">
    <system-out><![CDATA[HTTP/1.1 404 
Content-Type: application/json;charset=UTF-8
Transfer-Encoding: chunked
Date: Fri, 11 Aug 2023 18:38:46 GMT

{
    "mensagem": "CPF 04912851086 não encontrado"
}
]]></system-out>
  </testcase>
</testsuite>